d:\图论\c++-demo\c++ exercise\c++ exercise\debug\c++ exercise.pch
d:\图论\c++-demo\c++ exercise\c++ exercise\debug\vc141.pdb
d:\图论\c++-demo\c++ exercise\c++ exercise\debug\vc141.idb
d:\图论\c++-demo\c++ exercise\c++ exercise\debug\stdafx.obj
d:\图论\c++-demo\c++ exercise\c++ exercise\debug\c++ exercise.obj
d:\图论\c++-demo\c++ exercise\c++ exercise\debug\plex.obj
d:\图论\c++-demo\c++ exercise\c++ exercise\debug\string.obj
d:\图论\c++-demo\c++ exercise\c++ exercise\debug\bignumber.obj
d:\图论\c++-demo\c++ exercise\debug\c++ exercise.exe
d:\图论\c++-demo\c++ exercise\debug\c++ exercise.ilk
d:\图论\c++-demo\c++ exercise\debug\c++ exercise.pdb
d:\图论\c++-demo\c++ exercise\c++ exercise\debug\c++ exercise.tlog\cl.command.1.tlog
d:\图论\c++-demo\c++ exercise\c++ exercise\debug\c++ exercise.tlog\cl.read.1.tlog
d:\图论\c++-demo\c++ exercise\c++ exercise\debug\c++ exercise.tlog\cl.write.1.tlog
d:\图论\c++-demo\c++ exercise\c++ exercise\debug\c++ exercise.tlog\link.17292-cvtres.read.1.tlog
d:\图论\c++-demo\c++ exercise\c++ exercise\debug\c++ exercise.tlog\link.17292-cvtres.write.1.tlog
d:\图论\c++-demo\c++ exercise\c++ exercise\debug\c++ exercise.tlog\link.17292-rc.read.1.tlog
d:\图论\c++-demo\c++ exercise\c++ exercise\debug\c++ exercise.tlog\link.17292-rc.write.1.tlog
d:\图论\c++-demo\c++ exercise\c++ exercise\debug\c++ exercise.tlog\link.17292.read.1.tlog
d:\图论\c++-demo\c++ exercise\c++ exercise\debug\c++ exercise.tlog\link.17292.write.1.tlog
d:\图论\c++-demo\c++ exercise\c++ exercise\debug\c++ exercise.tlog\link.command.1.tlog
d:\图论\c++-demo\c++ exercise\c++ exercise\debug\c++ exercise.tlog\link.read.1.tlog
d:\图论\c++-demo\c++ exercise\c++ exercise\debug\c++ exercise.tlog\link.write.1.tlog
